# JRE version: OpenJDK Runtime Environment Temurin-17.0.14+7 (17.0.14+7) (build 17.0.14+7)
# Java VM: OpenJDK 64-Bit Server VM Temurin-17.0.14+7 (17.0.14+7, mixed mode, sharing, tiered, compressed oops, compressed class ptrs, g1 gc, windows-amd64)
GC Precious Log:
 CPUs: 12 total, 12 available
 Memory: 7903M
 Large Page Support: Disabled
 NUMA Support: Disabled
 Compressed Oops: Enabled (32-bit)
 Heap Region Size: 1M
 Heap Min Capacity: 8M
 Heap Initial Capacity: 124M
 Heap Max Capacity: 1976M
 Pre-touch: Disabled
 Parallel Workers: 10
 Concurrent Workers: 3
 Concurrent Refinement Workers: 10
 Periodic GC: Disabled
Heap:
 garbage-first heap   total 99328K, used 52813K [0x0000000084800000, 0x0000000100000000)
  region size 1024K, 22 young (22528K), 1 survivors (1024K)
 Metaspace       used 50891K, committed 51264K, reserved 1114112K
  class space    used 5782K, committed 5952K, reserved 1048576K
GC Heap History (20 events):
Event: 8.588 GC heap before
{Heap before GC invocations=3 (full 0):
 garbage-first heap   total 126976K, used 30929K [0x0000000084800000, 0x0000000100000000)
  region size 1024K, 28 young (28672K), 7 survivors (7168K)
 Metaspace       used 21254K, committed 21504K, reserved 1114112K
  class space    used 2564K, committed 2688K, reserved 1048576K
}
Event: 8.617 GC heap after
{Heap after GC invocations=4 (full 0):
 garbage-first heap   total 126976K, used 13032K [0x0000000084800000, 0x0000000100000000)
  region size 1024K, 8 young (8192K), 8 survivors (8192K)
 Metaspace       used 21254K, committed 21504K, reserved 1114112K
  class space    used 2564K, committed 2688K, reserved 1048576K
}
Event: 9.610 GC heap before
{Heap before GC invocations=5 (full 0):
 garbage-first heap   total 51200K, used 35560K [0x0000000084800000, 0x0000000100000000)
  region size 1024K, 30 young (30720K), 8 survivors (8192K)
 Metaspace       used 25140K, committed 25472K, reserved 1114112K
  class space    used 2965K, committed 3136K, reserved 1048576K
}
Event: 9.628 GC heap after
{Heap after GC invocations=6 (full 0):
 garbage-first heap   total 51200K, used 18014K [0x0000000084800000, 0x0000000100000000)
  region size 1024K, 4 young (4096K), 4 survivors (4096K)
 Metaspace       used 25140K, committed 25472K, reserved 1114112K
  class space    used 2965K, committed 3136K, reserved 1048576K
}
Event: 9.646 GC heap before
{Heap before GC invocations=6 (full 0):
 garbage-first heap   total 51200K, used 19038K [0x0000000084800000, 0x0000000100000000)
  region size 1024K, 5 young (5120K), 4 survivors (4096K)
 Metaspace       used 25203K, committed 25536K, reserved 1114112K
  class space    used 2971K, committed 3136K, reserved 1048576K
}
Event: 9.654 GC heap after
{Heap after GC invocations=7 (full 0):
 garbage-first heap   total 51200K, used 19864K [0x0000000084800000, 0x0000000100000000)
  region size 1024K, 1 young (1024K), 1 survivors (1024K)
 Metaspace       used 25203K, committed 25536K, reserved 1114112K
  class space    used 2971K, committed 3136K, reserved 1048576K
}
Event: 10.507 GC heap before
{Heap before GC invocations=7 (full 0):
 garbage-first heap   total 51200K, used 38296K [0x0000000084800000, 0x0000000100000000)
  region size 1024K, 18 young (18432K), 1 survivors (1024K)
 Metaspace       used 27219K, committed 27520K, reserved 1114112K
  class space    used 3201K, committed 3328K, reserved 1048576K
}
Event: 10.521 GC heap after
{Heap after GC invocations=8 (full 0):
 garbage-first heap   total 51200K, used 23040K [0x0000000084800000, 0x0000000100000000)
  region size 1024K, 3 young (3072K), 3 survivors (3072K)
 Metaspace       used 27219K, committed 27520K, reserved 1114112K
  class space    used 3201K, committed 3328K, reserved 1048576K
}
Event: 11.242 GC heap before
{Heap before GC invocations=8 (full 0):
 garbage-first heap   total 51200K, used 38400K [0x0000000084800000, 0x0000000100000000)
  region size 1024K, 18 young (18432K), 3 survivors (3072K)
 Metaspace       used 27889K, committed 28160K, reserved 1114112K
  class space    used 3267K, committed 3392K, reserved 1048576K
}
Event: 11.250 GC heap after
{Heap after GC invocations=9 (full 0):
 garbage-first heap   total 102400K, used 25017K [0x0000000084800000, 0x0000000100000000)
  region size 1024K, 2 young (2048K), 2 survivors (2048K)
 Metaspace       used 27889K, committed 28160K, reserved 1114112K
  class space    used 3267K, committed 3392K, reserved 1048576K
}
Event: 13.543 GC heap before
{Heap before GC invocations=9 (full 0):
 garbage-first heap   total 102400K, used 45497K [0x0000000084800000, 0x0000000100000000)
  region size 1024K, 23 young (23552K), 2 survivors (2048K)
 Metaspace       used 35699K, committed 36096K, reserved 1114112K
  class space    used 4236K, committed 4416K, reserved 1048576K
}
Event: 13.553 GC heap after
{Heap after GC invocations=10 (full 0):
 garbage-first heap   total 102400K, used 27873K [0x0000000084800000, 0x0000000100000000)
  region size 1024K, 5 young (5120K), 5 survivors (5120K)
 Metaspace       used 35699K, committed 36096K, reserved 1114112K
  class space    used 4236K, committed 4416K, reserved 1048576K
}
Event: 18.881 GC heap before
{Heap before GC invocations=11 (full 0):
 garbage-first heap   total 99328K, used 70881K [0x0000000084800000, 0x0000000100000000)
  region size 1024K, 47 young (48128K), 5 survivors (5120K)
 Metaspace       used 49383K, committed 49792K, reserved 1114112K
  class space    used 5735K, committed 5888K, reserved 1048576K
}
Event: 18.895 GC heap after
{Heap after GC invocations=12 (full 0):
 garbage-first heap   total 99328K, used 31744K [0x0000000084800000, 0x0000000100000000)
  region size 1024K, 6 young (6144K), 6 survivors (6144K)
 Metaspace       used 49383K, committed 49792K, reserved 1114112K
  class space    used 5735K, committed 5888K, reserved 1048576K
}
Event: 18.923 GC heap before
{Heap before GC invocations=12 (full 0):
 garbage-first heap   total 99328K, used 32768K [0x0000000084800000, 0x0000000100000000)
  region size 1024K, 7 young (7168K), 6 survivors (6144K)
 Metaspace       used 49431K, committed 49792K, reserved 1114112K
  class space    used 5745K, committed 5888K, reserved 1048576K
}
Event: 18.931 GC heap after
{Heap after GC invocations=13 (full 0):
 garbage-first heap   total 99328K, used 32599K [0x0000000084800000, 0x0000000100000000)
  region size 1024K, 1 young (1024K), 1 survivors (1024K)
 Metaspace       used 49431K, committed 49792K, reserved 1114112K
  class space    used 5745K, committed 5888K, reserved 1048576K
}
Event: 22.329 GC heap before
{Heap before GC invocations=13 (full 0):
 garbage-first heap   total 99328K, used 71511K [0x0000000084800000, 0x0000000100000000)
  region size 1024K, 40 young (40960K), 1 survivors (1024K)
 Metaspace       used 50874K, committed 51264K, reserved 1114112K
  class space    used 5781K, committed 5952K, reserved 1048576K
}
Event: 22.333 GC heap after
{Heap after GC invocations=14 (full 0):
 garbage-first heap   total 99328K, used 32376K [0x0000000084800000, 0x0000000100000000)
  region size 1024K, 1 young (1024K), 1 survivors (1024K)
 Metaspace       used 50874K, committed 51264K, reserved 1114112K
  class space    used 5781K, committed 5952K, reserved 1048576K
}
Event: 25.862 GC heap before
{Heap before GC invocations=14 (full 0):
 garbage-first heap   total 99328K, used 74360K [0x0000000084800000, 0x0000000100000000)
  region size 1024K, 42 young (43008K), 1 survivors (1024K)
 Metaspace       used 50888K, committed 51264K, reserved 1114112K
  class space    used 5781K, committed 5952K, reserved 1048576K
}
Event: 25.865 GC heap after
{Heap after GC invocations=15 (full 0):
 garbage-first heap   total 99328K, used 32333K [0x0000000084800000, 0x0000000100000000)
  region size 1024K, 1 young (1024K), 1 survivors (1024K)
 Metaspace       used 50888K, committed 51264K, reserved 1114112K
  class space    used 5781K, committed 5952K, reserved 1048576K
}

