# JRE version: OpenJDK Runtime Environment Temurin-17.0.14+7 (17.0.14+7) (build 17.0.14+7)
# Java VM: OpenJDK 64-Bit Server VM Temurin-17.0.14+7 (17.0.14+7, mixed mode, sharing, tiered, compressed oops, compressed class ptrs, g1 gc, windows-amd64)
GC Precious Log:
 CPUs: 12 total, 12 available
 Memory: 7903M
 Large Page Support: Disabled
 NUMA Support: Disabled
 Compressed Oops: Enabled (32-bit)
 Heap Region Size: 1M
 Heap Min Capacity: 8M
 Heap Initial Capacity: 124M
 Heap Max Capacity: 1976M
 Pre-touch: Disabled
 Parallel Workers: 10
 Concurrent Workers: 3
 Concurrent Refinement Workers: 10
 Periodic GC: Disabled
Heap:
 garbage-first heap   total 98304K, used 38847K [0x0000000084800000, 0x0000000100000000)
  region size 1024K, 9 young (9216K), 1 survivors (1024K)
 Metaspace       used 50904K, committed 51264K, reserved 1114112K
  class space    used 5787K, committed 5952K, reserved 1048576K
GC Heap History (20 events):
Event: 9.092 GC heap before
{Heap before GC invocations=3 (full 0):
 garbage-first heap   total 126976K, used 31135K [0x0000000084800000, 0x0000000100000000)
  region size 1024K, 28 young (28672K), 7 survivors (7168K)
 Metaspace       used 21265K, committed 21504K, reserved 1114112K
  class space    used 2561K, committed 2688K, reserved 1048576K
}
Event: 9.110 GC heap after
{Heap after GC invocations=4 (full 0):
 garbage-first heap   total 126976K, used 13050K [0x0000000084800000, 0x0000000100000000)
  region size 1024K, 8 young (8192K), 8 survivors (8192K)
 Metaspace       used 21265K, committed 21504K, reserved 1114112K
  class space    used 2561K, committed 2688K, reserved 1048576K
}
Event: 10.100 GC heap before
{Heap before GC invocations=5 (full 0):
 garbage-first heap   total 51200K, used 35578K [0x0000000084800000, 0x0000000100000000)
  region size 1024K, 30 young (30720K), 8 survivors (8192K)
 Metaspace       used 25143K, committed 25408K, reserved 1114112K
  class space    used 2963K, committed 3136K, reserved 1048576K
}
Event: 10.123 GC heap after
{Heap after GC invocations=6 (full 0):
 garbage-first heap   total 51200K, used 18041K [0x0000000084800000, 0x0000000100000000)
  region size 1024K, 4 young (4096K), 4 survivors (4096K)
 Metaspace       used 25143K, committed 25408K, reserved 1114112K
  class space    used 2963K, committed 3136K, reserved 1048576K
}
Event: 10.146 GC heap before
{Heap before GC invocations=6 (full 0):
 garbage-first heap   total 51200K, used 19065K [0x0000000084800000, 0x0000000100000000)
  region size 1024K, 5 young (5120K), 4 survivors (4096K)
 Metaspace       used 25205K, committed 25472K, reserved 1114112K
  class space    used 2970K, committed 3136K, reserved 1048576K
}
Event: 10.154 GC heap after
{Heap after GC invocations=7 (full 0):
 garbage-first heap   total 51200K, used 19353K [0x0000000084800000, 0x0000000100000000)
  region size 1024K, 1 young (1024K), 1 survivors (1024K)
 Metaspace       used 25205K, committed 25472K, reserved 1114112K
  class space    used 2970K, committed 3136K, reserved 1048576K
}
Event: 11.001 GC heap before
{Heap before GC invocations=7 (full 0):
 garbage-first heap   total 51200K, used 38809K [0x0000000084800000, 0x0000000100000000)
  region size 1024K, 19 young (19456K), 1 survivors (1024K)
 Metaspace       used 27332K, committed 27584K, reserved 1114112K
  class space    used 3205K, committed 3328K, reserved 1048576K
}
Event: 11.016 GC heap after
{Heap after GC invocations=8 (full 0):
 garbage-first heap   total 51200K, used 22528K [0x0000000084800000, 0x0000000100000000)
  region size 1024K, 3 young (3072K), 3 survivors (3072K)
 Metaspace       used 27332K, committed 27584K, reserved 1114112K
  class space    used 3205K, committed 3328K, reserved 1048576K
}
Event: 11.726 GC heap before
{Heap before GC invocations=8 (full 0):
 garbage-first heap   total 51200K, used 37888K [0x0000000084800000, 0x0000000100000000)
  region size 1024K, 18 young (18432K), 3 survivors (3072K)
 Metaspace       used 28058K, committed 28416K, reserved 1114112K
  class space    used 3282K, committed 3456K, reserved 1048576K
}
Event: 11.735 GC heap after
{Heap after GC invocations=9 (full 0):
 garbage-first heap   total 98304K, used 24896K [0x0000000084800000, 0x0000000100000000)
  region size 1024K, 3 young (3072K), 3 survivors (3072K)
 Metaspace       used 28058K, committed 28416K, reserved 1114112K
  class space    used 3282K, committed 3456K, reserved 1048576K
}
Event: 13.295 GC heap before
{Heap before GC invocations=9 (full 0):
 garbage-first heap   total 98304K, used 44352K [0x0000000084800000, 0x0000000100000000)
  region size 1024K, 24 young (24576K), 3 survivors (3072K)
 Metaspace       used 35711K, committed 36096K, reserved 1114112K
  class space    used 4229K, committed 4416K, reserved 1048576K
}
Event: 13.304 GC heap after
{Heap after GC invocations=10 (full 0):
 garbage-first heap   total 98304K, used 27130K [0x0000000084800000, 0x0000000100000000)
  region size 1024K, 5 young (5120K), 5 survivors (5120K)
 Metaspace       used 35711K, committed 36096K, reserved 1114112K
  class space    used 4229K, committed 4416K, reserved 1048576K
}
Event: 16.051 GC heap before
{Heap before GC invocations=11 (full 0):
 garbage-first heap   total 98304K, used 68090K [0x0000000084800000, 0x0000000100000000)
  region size 1024K, 46 young (47104K), 5 survivors (5120K)
 Metaspace       used 48876K, committed 49280K, reserved 1114112K
  class space    used 5726K, committed 5888K, reserved 1048576K
}
Event: 16.064 GC heap after
{Heap after GC invocations=12 (full 0):
 garbage-first heap   total 98304K, used 31522K [0x0000000084800000, 0x0000000100000000)
  region size 1024K, 6 young (6144K), 6 survivors (6144K)
 Metaspace       used 48876K, committed 49280K, reserved 1114112K
  class space    used 5726K, committed 5888K, reserved 1048576K
}
Event: 21.708 GC heap before
{Heap before GC invocations=12 (full 0):
 garbage-first heap   total 98304K, used 72482K [0x0000000084800000, 0x0000000100000000)
  region size 1024K, 46 young (47104K), 6 survivors (6144K)
 Metaspace       used 50859K, committed 51264K, reserved 1114112K
  class space    used 5787K, committed 5952K, reserved 1048576K
}
Event: 21.720 GC heap after
{Heap after GC invocations=13 (full 0):
 garbage-first heap   total 98304K, used 32398K [0x0000000084800000, 0x0000000100000000)
  region size 1024K, 2 young (2048K), 2 survivors (2048K)
 Metaspace       used 50859K, committed 51264K, reserved 1114112K
  class space    used 5787K, committed 5952K, reserved 1048576K
}
Event: 25.668 GC heap before
{Heap before GC invocations=13 (full 0):
 garbage-first heap   total 98304K, used 73358K [0x0000000084800000, 0x0000000100000000)
  region size 1024K, 42 young (43008K), 2 survivors (2048K)
 Metaspace       used 50902K, committed 51264K, reserved 1114112K
  class space    used 5787K, committed 5952K, reserved 1048576K
}
Event: 25.672 GC heap after
{Heap after GC invocations=14 (full 0):
 garbage-first heap   total 98304K, used 31753K [0x0000000084800000, 0x0000000100000000)
  region size 1024K, 1 young (1024K), 1 survivors (1024K)
 Metaspace       used 50902K, committed 51264K, reserved 1114112K
  class space    used 5787K, committed 5952K, reserved 1048576K
}
Event: 33.820 GC heap before
{Heap before GC invocations=14 (full 0):
 garbage-first heap   total 98304K, used 75785K [0x0000000084800000, 0x0000000100000000)
  region size 1024K, 44 young (45056K), 1 survivors (1024K)
 Metaspace       used 50904K, committed 51264K, reserved 1114112K
  class space    used 5787K, committed 5952K, reserved 1048576K
}
Event: 33.823 GC heap after
{Heap after GC invocations=15 (full 0):
 garbage-first heap   total 98304K, used 31679K [0x0000000084800000, 0x0000000100000000)
  region size 1024K, 1 young (1024K), 1 survivors (1024K)
 Metaspace       used 50904K, committed 51264K, reserved 1114112K
  class space    used 5787K, committed 5952K, reserved 1048576K
}

